───────────────────[ REGISTERS ]────────────────────
 ESP  0xffffd23c —▸ 0x80490d7 (gadget) ◂— push esp
 EIP  0x8049293 (processData+90) ◂— ret
────────────────────────────────────────────────────
pwndbg> si
───────────────────[ REGISTERS ]────────────────────
*ESP  0xffffd240 —▸ 0x6768746a (shellcode)
*EIP  0x80490d7 (gadget) ◂— push esp
───────────────────[ DISASM ]───────────────────────
 ► 0x80490d7    push   esp
   0x80490d9    mov    ebx, dword ptr [esp]
   0x80490dc    ret
